d:\visualstudioprojects\projects\mycrf\crf3d\debug\vc140.pdb
d:\visualstudioprojects\projects\mycrf\crf3d\debug\vc140.idb
d:\visualstudioprojects\projects\mycrf\crf3d\debug\crf3d_learn.obj
d:\visualstudioprojects\projects\mycrf\crf3d\debug\encoder.obj
d:\visualstudioprojects\projects\mycrf\crf3d\debug\featurecapture.obj
d:\visualstudioprojects\projects\mycrf\crf3d\debug\featureindex.obj
d:\visualstudioprojects\projects\mycrf\crf3d\debug\lbfgs.obj
d:\visualstudioprojects\projects\mycrf\crf3d\debug\node.obj
d:\visualstudioprojects\projects\mycrf\crf3d\debug\params.obj
d:\visualstudioprojects\projects\mycrf\crf3d\debug\path.obj
d:\visualstudioprojects\projects\mycrf\crf3d\debug\tagger.obj
d:\visualstudioprojects\projects\mycrf\crf3d\debug\train_main.obj
d:\visualstudioprojects\projects\mycrf\debug\crf3d.ilk
d:\visualstudioprojects\projects\mycrf\debug\crf3d.exe
d:\visualstudioprojects\projects\mycrf\debug\crf3d.pdb
d:\visualstudioprojects\projects\mycrf\crf3d\debug\crf3d.res
d:\visualstudioprojects\projects\mycrf\crf3d\debug\crf3d.tlog\cl.command.1.tlog
d:\visualstudioprojects\projects\mycrf\crf3d\debug\crf3d.tlog\cl.read.1.tlog
d:\visualstudioprojects\projects\mycrf\crf3d\debug\crf3d.tlog\cl.write.1.tlog
d:\visualstudioprojects\projects\mycrf\crf3d\debug\crf3d.tlog\link.command.1.tlog
d:\visualstudioprojects\projects\mycrf\crf3d\debug\crf3d.tlog\link.read.1.tlog
d:\visualstudioprojects\projects\mycrf\crf3d\debug\crf3d.tlog\link.write.1.tlog
d:\visualstudioprojects\projects\mycrf\crf3d\debug\crf3d.tlog\rc.command.1.tlog
d:\visualstudioprojects\projects\mycrf\crf3d\debug\crf3d.tlog\rc.read.1.tlog
d:\visualstudioprojects\projects\mycrf\crf3d\debug\crf3d.tlog\rc.write.1.tlog
