生成启动时间为 2016/1/7 18:04:12。
     1>项目“D:\VisualStudioProjects\Projects\MyCRF\CRF3D\CRF3D.vcxproj”在节点 2 上(Build 个目标)。
     1>ClCompile:
         D:\Microsoft Visual Studio 14.0\VC\bin\CL.exe /c /ZI /nologo /W3 /WX- /Od /Oy- /D _MBCS /Gm /EHsc /RTC1 /MDd /GS /fp:precise /Zc:wchar_t /Zc:forScope /Zc:inline /Fo"Debug\\" /Fd"Debug\vc140.pdb" /Gd /TP /analyze- /errorReport:prompt FeatureCapture.cpp
         FeatureCapture.cpp
     1>d:\opencv\opencv\build\include\opencv2\flann\logger.h(66): warning C4996: 'fopen': This function or variable may be unsafe. Consider using fopen_s instead. To disable deprecation, use _CRT_SECURE_NO_WARNINGS. See online help for details.
         c:\program files (x86)\windows kits\10\include\10.0.10150.0\ucrt\stdio.h(205): note: 参见“fopen”的声明
     1>d:\visualstudioprojects\projects\mycrf\crf3d\common.h(120): warning C4996: 'sprintf': This function or variable may be unsafe. Consider using sprintf_s instead. To disable deprecation, use _CRT_SECURE_NO_WARNINGS. See online help for details.
         c:\program files (x86)\windows kits\10\include\10.0.10150.0\ucrt\stdio.h(1769): note: 参见“sprintf”的声明
       Link:
         D:\Microsoft Visual Studio 14.0\VC\bin\link.exe /ERRORREPORT:PROMPT /OUT:"D:\VisualStudioProjects\Projects\MyCRF\Debug\CRF3D.exe" /INCREMENTAL /NOLOGO opencv_calib3d2410d.lib opencv_contrib2410d.lib opencv_core2410d.lib opencv_features2d2410d.lib opencv_flann2410d.lib opencv_gpu2410d.lib opencv_highgui2410d.lib opencv_imgproc2410d.lib opencv_legacy2410d.lib opencv_ml2410d.lib opencv_objdetect2410d.lib opencv_ts2410d.lib opencv_video2410d.lib /MANIFEST /MANIFESTUAC:"level='asInvoker' uiAccess='false'" /manifest:embed /Debug /PDB:"D:\VisualStudioProjects\Projects\MyCRF\Debug\CRF3D.pdb" /TLBID:1 /DYNAMICBASE /NXCOMPAT /IMPLIB:"D:\VisualStudioProjects\Projects\MyCRF\Debug\CRF3D.lib" /MACHINE:X86 Debug\CRF3D.res
         Debug\CRF3D_Test.obj
         Debug\CRF3D_Train.obj
         Debug\Decoder.obj
         Debug\Encoder.obj
         Debug\FeatureCapture.obj
         Debug\FeatureIndex.obj
         Debug\Lbfgs.obj
         Debug\Node.obj
         Debug\Params.obj
         Debug\Path.obj
         Debug\Tagger.obj
         Debug\main.obj
         CRF3D.vcxproj -> D:\VisualStudioProjects\Projects\MyCRF\Debug\CRF3D.exe
     1>已完成生成项目“D:\VisualStudioProjects\Projects\MyCRF\CRF3D\CRF3D.vcxproj”(Build 个目标)的操作。

已成功生成。

已用时间 00:00:07.09
